{"C:\\design_systems\\loren-ui\\src\\components\\Avatar\\index.tsx": {"path":"C:\\design_systems\\loren-ui\\src\\components\\Avatar\\index.tsx","statementMap":{"0":{"start":{"line":1,"column":0},"end":{"line":1,"column":26}},"1":{"start":{"line":2,"column":0},"end":{"line":2,"column":58}},"2":{"start":{"line":3,"column":0},"end":{"line":3,"column":59}},"3":{"start":{"line":17,"column":22},"end":{"line":65,"column":1}},"4":{"start":{"line":18,"column":6},"end":{"line":18,"column":null}},"5":{"start":{"line":19,"column":8},"end":{"line":19,"column":null}},"6":{"start":{"line":20,"column":9},"end":{"line":20,"column":null}},"7":{"start":{"line":21,"column":22},"end":{"line":21,"column":null}},"8":{"start":{"line":22,"column":6},"end":{"line":22,"column":null}},"9":{"start":{"line":23,"column":12},"end":{"line":23,"column":null}},"10":{"start":{"line":24,"column":11},"end":{"line":24,"column":null}},"11":{"start":{"line":25,"column":13},"end":{"line":25,"column":null}},"12":{"start":{"line":26,"column":2},"end":{"line":26,"column":10}},"13":{"start":{"line":26,"column":10},"end":{"line":26,"column":null}},"14":{"start":{"line":28,"column":52},"end":{"line":36,"column":4}},"15":{"start":{"line":38,"column":2},"end":{"line":64,"column":4}},"16":{"start":{"line":17,"column":13},"end":{"line":17,"column":22}}},"fnMap":{"0":{"name":"(anonymous_1)","decl":{"start":{"line":17,"column":22},"end":{"line":17,"column":23}},"loc":{"start":{"line":27,"column":14},"end":{"line":65,"column":1}}}},"branchMap":{"0":{"loc":{"start":{"line":26,"column":10},"end":{"line":26,"column":null}},"type":"cond-expr","locations":[{"start":{"line":26,"column":13},"end":{"line":26,"column":18}},{"start":{"line":26,"column":18},"end":{"line":26,"column":null}}]},"1":{"loc":{"start":{"line":39,"column":43},"end":{"line":39,"column":78}},"type":"cond-expr","locations":[{"start":{"line":39,"column":54},"end":{"line":39,"column":73}},{"start":{"line":39,"column":76},"end":{"line":39,"column":78}}]},"2":{"loc":{"start":{"line":40,"column":7},"end":{"line":61,"column":null}},"type":"cond-expr","locations":[{"start":{"line":41,"column":8},"end":{"line":45,"column":null}},{"start":{"line":47,"column":10},"end":{"line":61,"column":null}}]},"3":{"loc":{"start":{"line":45,"column":18},"end":{"line":45,"column":39}},"type":"cond-expr","locations":[{"start":{"line":45,"column":18},"end":{"line":45,"column":24}},{"start":{"line":45,"column":28},"end":{"line":45,"column":39}}]},"4":{"loc":{"start":{"line":45,"column":18},"end":{"line":45,"column":28}},"type":"binary-expr","locations":[{"start":{"line":45,"column":18},"end":{"line":45,"column":28}},{"start":{"line":45,"column":18},"end":{"line":45,"column":28}}]},"5":{"loc":{"start":{"line":47,"column":10},"end":{"line":61,"column":null}},"type":"cond-expr","locations":[{"start":{"line":48,"column":8},"end":{"line":52,"column":null}},{"start":{"line":55,"column":8},"end":{"line":60,"column":null}}]},"6":{"loc":{"start":{"line":52,"column":16},"end":{"line":52,"column":26}},"type":"cond-expr","locations":[{"start":{"line":52,"column":16},"end":{"line":52,"column":20}},{"start":{"line":52,"column":24},"end":{"line":52,"column":26}}]},"7":{"loc":{"start":{"line":52,"column":16},"end":{"line":52,"column":24}},"type":"binary-expr","locations":[{"start":{"line":52,"column":16},"end":{"line":52,"column":24}},{"start":{"line":52,"column":16},"end":{"line":52,"column":24}}]},"8":{"loc":{"start":{"line":58,"column":17},"end":{"line":58,"column":33}},"type":"cond-expr","locations":[{"start":{"line":58,"column":17},"end":{"line":58,"column":27}},{"start":{"line":58,"column":31},"end":{"line":58,"column":33}}]},"9":{"loc":{"start":{"line":58,"column":17},"end":{"line":58,"column":31}},"type":"binary-expr","locations":[{"start":{"line":58,"column":17},"end":{"line":58,"column":31}},{"start":{"line":58,"column":17},"end":{"line":58,"column":31}}]}},"s":{"0":1,"1":1,"2":1,"3":1,"4":5,"5":5,"6":5,"7":5,"8":5,"9":5,"10":5,"11":5,"12":5,"13":5,"14":5,"15":5,"16":1},"f":{"0":5},"b":{"0":[0,5],"1":[2,3],"2":[3,2],"3":[3,0],"4":[3,3],"5":[1,1],"6":[1,0],"7":[1,1],"8":[1,0],"9":[1,1]}}
,"C:\\design_systems\\loren-ui\\src\\components\\Button\\index.tsx": {"path":"C:\\design_systems\\loren-ui\\src\\components\\Button\\index.tsx","statementMap":{"0":{"start":{"line":1,"column":0},"end":{"line":1,"column":48}},"1":{"start":{"line":2,"column":0},"end":{"line":2,"column":72}},"2":{"start":{"line":3,"column":0},"end":{"line":3,"column":26}},"3":{"start":{"line":4,"column":0},"end":{"line":4,"column":null}},"4":{"start":{"line":9,"column":0},"end":{"line":9,"column":63}},"5":{"start":{"line":14,"column":22},"end":{"line":34,"column":1}},"6":{"start":{"line":15,"column":6},"end":{"line":15,"column":null}},"7":{"start":{"line":16,"column":9},"end":{"line":16,"column":null}},"8":{"start":{"line":17,"column":14},"end":{"line":17,"column":null}},"9":{"start":{"line":18,"column":2},"end":{"line":18,"column":6}},"10":{"start":{"line":18,"column":6},"end":{"line":18,"column":null}},"11":{"start":{"line":19,"column":10},"end":{"line":19,"column":null}},"12":{"start":{"line":21,"column":2},"end":{"line":33,"column":4}},"13":{"start":{"line":14,"column":13},"end":{"line":14,"column":22}}},"fnMap":{"0":{"name":"(anonymous_1)","decl":{"start":{"line":14,"column":22},"end":{"line":14,"column":23}},"loc":{"start":{"line":20,"column":16},"end":{"line":34,"column":1}}}},"branchMap":{"0":{"loc":{"start":{"line":18,"column":6},"end":{"line":18,"column":null}},"type":"cond-expr","locations":[{"start":{"line":18,"column":9},"end":{"line":18,"column":20}},{"start":{"line":18,"column":20},"end":{"line":18,"column":null}}]},"1":{"loc":{"start":{"line":26,"column":13},"end":{"line":26,"column":77}},"type":"cond-expr","locations":[{"start":{"line":26,"column":24},"end":{"line":26,"column":53}},{"start":{"line":26,"column":56},"end":{"line":26,"column":77}}]},"2":{"loc":{"start":{"line":29,"column":19},"end":{"line":29,"column":69}},"type":"cond-expr","locations":[{"start":{"line":29,"column":30},"end":{"line":29,"column":47}},{"start":{"line":29,"column":50},"end":{"line":29,"column":69}}]}},"s":{"0":1,"1":1,"2":1,"3":1,"4":1,"5":1,"6":3,"7":3,"8":3,"9":3,"10":3,"11":3,"12":3,"13":1},"f":{"0":3},"b":{"0":[3,0],"1":[1,2],"2":[1,2]}}
,"C:\\design_systems\\loren-ui\\src\\components\\Checkbox\\index.tsx": {"path":"C:\\design_systems\\loren-ui\\src\\components\\Checkbox\\index.tsx","statementMap":{"0":{"start":{"line":1,"column":0},"end":{"line":1,"column":26}},"1":{"start":{"line":2,"column":0},"end":{"line":2,"column":60}},"2":{"start":{"line":3,"column":0},"end":{"line":3,"column":51}},"3":{"start":{"line":4,"column":0},"end":{"line":4,"column":null}},"4":{"start":{"line":17,"column":24},"end":{"line":48,"column":1}},"5":{"start":{"line":18,"column":9},"end":{"line":18,"column":null}},"6":{"start":{"line":19,"column":9},"end":{"line":19,"column":null}},"7":{"start":{"line":20,"column":12},"end":{"line":20,"column":null}},"8":{"start":{"line":21,"column":2},"end":{"line":21,"column":13}},"9":{"start":{"line":21,"column":13},"end":{"line":21,"column":null}},"10":{"start":{"line":22,"column":12},"end":{"line":22,"column":null}},"11":{"start":{"line":24,"column":2},"end":{"line":47,"column":4}},"12":{"start":{"line":17,"column":13},"end":{"line":17,"column":24}},"13":{"start":{"line":50,"column":15},"end":{"line":59,"column":2}}},"fnMap":{"0":{"name":"(anonymous_1)","decl":{"start":{"line":17,"column":24},"end":{"line":17,"column":25}},"loc":{"start":{"line":23,"column":16},"end":{"line":48,"column":1}}}},"branchMap":{"0":{"loc":{"start":{"line":21,"column":13},"end":{"line":21,"column":null}},"type":"cond-expr","locations":[{"start":{"line":21,"column":16},"end":{"line":21,"column":23}},{"start":{"line":21,"column":23},"end":{"line":21,"column":null}}]},"1":{"loc":{"start":{"line":30,"column":23},"end":{"line":30,"column":73}},"type":"cond-expr","locations":[{"start":{"line":30,"column":36},"end":{"line":30,"column":59}},{"start":{"line":30,"column":62},"end":{"line":30,"column":73}}]},"2":{"loc":{"start":{"line":38,"column":7},"end":{"line":44,"column":null}},"type":"binary-expr","locations":[{"start":{"line":38,"column":7},"end":{"line":38,"column":14}},{"start":{"line":39,"column":8},"end":{"line":43,"column":null}}]},"3":{"loc":{"start":{"line":42,"column":17},"end":{"line":42,"column":60}},"type":"cond-expr","locations":[{"start":{"line":42,"column":30},"end":{"line":42,"column":47}},{"start":{"line":42,"column":50},"end":{"line":42,"column":60}}]}},"s":{"0":1,"1":1,"2":1,"3":1,"4":1,"5":5,"6":5,"7":5,"8":5,"9":5,"10":5,"11":5,"12":1,"13":1},"f":{"0":5},"b":{"0":[0,5],"1":[1,4],"2":[5,1],"3":[0,1]}}
,"C:\\design_systems\\loren-ui\\src\\components\\IconButton\\index.tsx": {"path":"C:\\design_systems\\loren-ui\\src\\components\\IconButton\\index.tsx","statementMap":{"0":{"start":{"line":1,"column":0},"end":{"line":1,"column":26}},"1":{"start":{"line":2,"column":0},"end":{"line":2,"column":70}},"2":{"start":{"line":3,"column":0},"end":{"line":3,"column":null}},"3":{"start":{"line":18,"column":0},"end":{"line":18,"column":null}},"4":{"start":{"line":22,"column":0},"end":{"line":22,"column":63}},"5":{"start":{"line":50,"column":22},"end":{"line":64,"column":2}},"6":{"start":{"line":66,"column":26},"end":{"line":99,"column":1}},"7":{"start":{"line":67,"column":6},"end":{"line":67,"column":null}},"8":{"start":{"line":68,"column":6},"end":{"line":68,"column":null}},"9":{"start":{"line":69,"column":2},"end":{"line":69,"column":6}},"10":{"start":{"line":69,"column":6},"end":{"line":69,"column":null}},"11":{"start":{"line":70,"column":2},"end":{"line":70,"column":7}},"12":{"start":{"line":70,"column":7},"end":{"line":70,"column":null}},"13":{"start":{"line":71,"column":7},"end":{"line":71,"column":null}},"14":{"start":{"line":72,"column":9},"end":{"line":72,"column":null}},"15":{"start":{"line":73,"column":2},"end":{"line":73,"column":6}},"16":{"start":{"line":73,"column":6},"end":{"line":73,"column":null}},"17":{"start":{"line":74,"column":2},"end":{"line":74,"column":12}},"18":{"start":{"line":74,"column":12},"end":{"line":74,"column":null}},"19":{"start":{"line":76,"column":24},"end":{"line":76,"column":43}},"20":{"start":{"line":78,"column":2},"end":{"line":98,"column":4}},"21":{"start":{"line":66,"column":13},"end":{"line":66,"column":26}}},"fnMap":{"0":{"name":"(anonymous_1)","decl":{"start":{"line":66,"column":26},"end":{"line":66,"column":27}},"loc":{"start":{"line":75,"column":12},"end":{"line":99,"column":1}}}},"branchMap":{"0":{"loc":{"start":{"line":69,"column":6},"end":{"line":69,"column":null}},"type":"cond-expr","locations":[{"start":{"line":69,"column":9},"end":{"line":69,"column":11}},{"start":{"line":69,"column":11},"end":{"line":69,"column":null}}]},"1":{"loc":{"start":{"line":70,"column":7},"end":{"line":70,"column":null}},"type":"cond-expr","locations":[{"start":{"line":70,"column":10},"end":{"line":70,"column":17}},{"start":{"line":70,"column":17},"end":{"line":70,"column":null}}]},"2":{"loc":{"start":{"line":73,"column":6},"end":{"line":73,"column":null}},"type":"cond-expr","locations":[{"start":{"line":73,"column":9},"end":{"line":73,"column":18}},{"start":{"line":73,"column":18},"end":{"line":73,"column":null}}]},"3":{"loc":{"start":{"line":74,"column":12},"end":{"line":74,"column":null}},"type":"cond-expr","locations":[{"start":{"line":74,"column":15},"end":{"line":74,"column":20}},{"start":{"line":74,"column":20},"end":{"line":74,"column":null}}]},"4":{"loc":{"start":{"line":84,"column":8},"end":{"line":86,"column":37}},"type":"cond-expr","locations":[{"start":{"line":85,"column":12},"end":{"line":85,"column":45}},{"start":{"line":86,"column":12},"end":{"line":86,"column":37}}]},"5":{"loc":{"start":{"line":95,"column":15},"end":{"line":95,"column":53}},"type":"cond-expr","locations":[{"start":{"line":95,"column":28},"end":{"line":95,"column":45}},{"start":{"line":95,"column":48},"end":{"line":95,"column":53}}]}},"s":{"0":1,"1":1,"2":1,"3":1,"4":1,"5":1,"6":1,"7":3,"8":3,"9":3,"10":3,"11":3,"12":3,"13":3,"14":3,"15":3,"16":3,"17":3,"18":3,"19":3,"20":3,"21":1},"f":{"0":3},"b":{"0":[3,0],"1":[3,0],"2":[3,0],"3":[2,1],"4":[1,2],"5":[1,2]}}
,"C:\\design_systems\\loren-ui\\src\\components\\Input\\index.tsx": {"path":"C:\\design_systems\\loren-ui\\src\\components\\Input\\index.tsx","statementMap":{"0":{"start":{"line":1,"column":0},"end":{"line":1,"column":40}},"1":{"start":{"line":2,"column":0},"end":{"line":2,"column":58}},"2":{"start":{"line":3,"column":0},"end":{"line":3,"column":69}},"3":{"start":{"line":13,"column":21},"end":{"line":62,"column":1}},"4":{"start":{"line":14,"column":14},"end":{"line":14,"column":null}},"5":{"start":{"line":15,"column":13},"end":{"line":15,"column":null}},"6":{"start":{"line":16,"column":7},"end":{"line":16,"column":null}},"7":{"start":{"line":17,"column":14},"end":{"line":17,"column":null}},"8":{"start":{"line":18,"column":7},"end":{"line":18,"column":null}},"9":{"start":{"line":19,"column":2},"end":{"line":19,"column":12}},"10":{"start":{"line":19,"column":12},"end":{"line":19,"column":null}},"11":{"start":{"line":20,"column":2},"end":{"line":20,"column":10}},"12":{"start":{"line":20,"column":10},"end":{"line":20,"column":null}},"13":{"start":{"line":22,"column":38},"end":{"line":22,"column":58}},"14":{"start":{"line":22,"column":19},"end":{"line":22,"column":21}},"15":{"start":{"line":22,"column":34},"end":{"line":22,"column":38}},"16":{"start":{"line":24,"column":2},"end":{"line":61,"column":4}},"17":{"start":{"line":51,"column":18},"end":{"line":51,"column":37}},"18":{"start":{"line":52,"column":18},"end":{"line":52,"column":45}},"19":{"start":{"line":13,"column":13},"end":{"line":13,"column":21}},"20":{"start":{"line":64,"column":15},"end":{"line":87,"column":2}}},"fnMap":{"0":{"name":"(anonymous_6)","decl":{"start":{"line":13,"column":21},"end":{"line":13,"column":22}},"loc":{"start":{"line":21,"column":13},"end":{"line":62,"column":1}}},"1":{"name":"(anonymous_7)","decl":{"start":{"line":50,"column":25},"end":{"line":50,"column":null}},"loc":{"start":{"line":50,"column":25},"end":{"line":53,"column":17}}}},"branchMap":{"0":{"loc":{"start":{"line":19,"column":12},"end":{"line":19,"column":null}},"type":"cond-expr","locations":[{"start":{"line":19,"column":15},"end":{"line":19,"column":20}},{"start":{"line":19,"column":20},"end":{"line":19,"column":null}}]},"1":{"loc":{"start":{"line":20,"column":10},"end":{"line":20,"column":null}},"type":"cond-expr","locations":[{"start":{"line":20,"column":13},"end":{"line":20,"column":18}},{"start":{"line":20,"column":18},"end":{"line":20,"column":null}}]},"2":{"loc":{"start":{"line":26,"column":7},"end":{"line":29,"column":null}},"type":"binary-expr","locations":[{"start":{"line":26,"column":7},"end":{"line":26,"column":12}},{"start":{"line":27,"column":8},"end":{"line":28,"column":null}}]},"3":{"loc":{"start":{"line":46,"column":12},"end":{"line":56,"column":20}},"type":"cond-expr","locations":[{"start":{"line":47,"column":14},"end":{"line":54,"column":null}},{"start":{"line":56,"column":16},"end":{"line":56,"column":20}}]},"4":{"loc":{"start":{"line":54,"column":22},"end":{"line":54,"column":52}},"type":"cond-expr","locations":[{"start":{"line":54,"column":35},"end":{"line":54,"column":44}},{"start":{"line":54,"column":47},"end":{"line":54,"column":52}}]}},"s":{"0":1,"1":1,"2":1,"3":1,"4":7,"5":7,"6":7,"7":7,"8":7,"9":7,"10":7,"11":7,"12":7,"13":7,"14":7,"15":7,"16":7,"17":2,"18":2,"19":1,"20":1},"f":{"0":7,"1":2},"b":{"0":[4,3],"1":[6,1],"2":[7,1],"3":[3,4],"4":[2,1]}}
,"C:\\design_systems\\loren-ui\\src\\components\\Modal\\index.tsx": {"path":"C:\\design_systems\\loren-ui\\src\\components\\Modal\\index.tsx","statementMap":{"0":{"start":{"line":1,"column":0},"end":{"line":1,"column":26}},"1":{"start":{"line":2,"column":0},"end":{"line":2,"column":70}},"2":{"start":{"line":3,"column":0},"end":{"line":3,"column":null}},"3":{"start":{"line":20,"column":21},"end":{"line":67,"column":1}},"4":{"start":{"line":21,"column":10},"end":{"line":21,"column":null}},"5":{"start":{"line":22,"column":9},"end":{"line":22,"column":null}},"6":{"start":{"line":23,"column":16},"end":{"line":23,"column":null}},"7":{"start":{"line":24,"column":7},"end":{"line":24,"column":null}},"8":{"start":{"line":25,"column":18},"end":{"line":25,"column":null}},"9":{"start":{"line":26,"column":10},"end":{"line":27,"column":13}},"10":{"start":{"line":28,"column":46},"end":{"line":31,"column":4}},"11":{"start":{"line":33,"column":2},"end":{"line":66,"column":4}},"12":{"start":{"line":20,"column":13},"end":{"line":20,"column":21}},"13":{"start":{"line":69,"column":15},"end":{"line":73,"column":2}}},"fnMap":{"0":{"name":"(anonymous_4)","decl":{"start":{"line":20,"column":21},"end":{"line":20,"column":22}},"loc":{"start":{"line":27,"column":13},"end":{"line":67,"column":1}}}},"branchMap":{"0":{"loc":{"start":{"line":43,"column":11},"end":{"line":60,"column":null}},"type":"binary-expr","locations":[{"start":{"line":43,"column":11},"end":{"line":43,"column":16}},{"start":{"line":44,"column":12},"end":{"line":59,"column":null}}]}},"s":{"0":1,"1":1,"2":1,"3":1,"4":3,"5":3,"6":3,"7":3,"8":3,"9":3,"10":3,"11":3,"12":1,"13":1},"f":{"0":3},"b":{"0":[3,2]}}
,"C:\\design_systems\\loren-ui\\src\\utils\\buttonModeStyle.ts": {"path":"C:\\design_systems\\loren-ui\\src\\utils\\buttonModeStyle.ts","statementMap":{"0":{"start":{"line":1,"column":13},"end":{"line":7,"column":2}},"1":{"start":{"line":9,"column":13},"end":{"line":15,"column":2}},"2":{"start":{"line":17,"column":13},"end":{"line":27,"column":2}}},"fnMap":{},"branchMap":{},"s":{"0":2,"1":2,"2":2},"f":{},"b":{}}
,"C:\\design_systems\\loren-ui\\src\\utils\\disabledColors.ts": {"path":"C:\\design_systems\\loren-ui\\src\\utils\\disabledColors.ts","statementMap":{"0":{"start":{"line":1,"column":13},"end":{"line":1,"column":60}},"1":{"start":{"line":3,"column":13},"end":{"line":3,"column":66}}},"fnMap":{},"branchMap":{},"s":{"0":3,"1":3},"f":{},"b":{}}
,"C:\\design_systems\\loren-ui\\src\\utils\\iconButtonModeStyle.ts": {"path":"C:\\design_systems\\loren-ui\\src\\utils\\iconButtonModeStyle.ts","statementMap":{"0":{"start":{"line":3,"column":13},"end":{"line":7,"column":2}},"1":{"start":{"line":9,"column":13},"end":{"line":13,"column":2}}},"fnMap":{},"branchMap":{},"s":{"0":2,"1":2},"f":{},"b":{}}
}
