TN:
SF:src\components\Avatar\index.tsx
FN:17,(anonymous_3)
FNF:1
FNH:1
FNDA:9,(anonymous_3)
DA:1,1
DA:2,1
DA:3,1
DA:17,1
DA:18,9
DA:19,9
DA:20,9
DA:21,9
DA:22,9
DA:23,9
DA:24,9
DA:25,9
DA:26,9
DA:28,9
DA:30,9
DA:40,9
LF:16
LH:16
BRDA:26,0,0,6
BRDA:26,0,1,3
BRDA:28,1,0,1
BRDA:28,1,1,8
BRDA:31,2,0,9
BRDA:31,2,1,1
BRDA:42,3,0,2
BRDA:42,3,1,7
BRDA:47,4,0,1
BRDA:47,4,1,1
BRDA:47,5,0,2
BRDA:47,5,1,2
BRDA:49,6,0,2
BRDA:49,6,1,5
BRDA:54,7,0,2
BRDA:54,7,1,1
BRF:16
BRH:16
end_of_record
TN:
SF:src\components\Button\index.tsx
FN:14,(anonymous_1)
FNF:1
FNH:1
FNDA:3,(anonymous_1)
DA:1,1
DA:2,1
DA:3,1
DA:4,1
DA:9,1
DA:14,1
DA:15,3
DA:16,3
DA:17,3
DA:18,3
DA:19,3
DA:21,3
LF:12
LH:12
BRDA:18,0,0,3
BRDA:18,0,1,0
BRDA:26,1,0,1
BRDA:26,1,1,2
BRDA:29,2,0,1
BRDA:29,2,1,2
BRF:6
BRH:5
end_of_record
TN:
SF:src\components\Checkbox\index.tsx
FN:17,(anonymous_1)
FNF:1
FNH:1
FNDA:8,(anonymous_1)
DA:1,1
DA:2,1
DA:3,1
DA:4,1
DA:17,1
DA:18,8
DA:19,8
DA:20,8
DA:21,8
DA:22,8
DA:24,8
DA:50,1
LF:12
LH:12
BRDA:21,0,0,0
BRDA:21,0,1,8
BRDA:30,1,0,3
BRDA:30,1,1,5
BRDA:38,2,0,8
BRDA:38,2,1,3
BRDA:42,3,0,1
BRDA:42,3,1,2
BRF:8
BRH:7
end_of_record
TN:
SF:src\components\IconButton\index.tsx
FN:66,(anonymous_1)
FNF:1
FNH:1
FNDA:7,(anonymous_1)
DA:1,1
DA:2,1
DA:3,1
DA:18,1
DA:22,1
DA:50,1
DA:66,1
DA:67,7
DA:68,7
DA:69,7
DA:70,7
DA:71,7
DA:72,7
DA:73,7
DA:74,7
DA:76,7
DA:78,7
LF:17
LH:17
BRDA:69,0,0,6
BRDA:69,0,1,1
BRDA:70,1,0,6
BRDA:70,1,1,1
BRDA:73,2,0,7
BRDA:73,2,1,0
BRDA:74,3,0,5
BRDA:74,3,1,2
BRDA:84,4,0,2
BRDA:84,4,1,5
BRDA:95,5,0,2
BRDA:95,5,1,5
BRF:12
BRH:11
end_of_record
TN:
SF:src\components\Input\index.tsx
FN:13,(anonymous_6)
FN:50,(anonymous_7)
FNF:2
FNH:2
FNDA:7,(anonymous_6)
FNDA:2,(anonymous_7)
DA:1,1
DA:2,1
DA:3,1
DA:13,1
DA:14,7
DA:15,7
DA:16,7
DA:17,7
DA:18,7
DA:19,7
DA:20,7
DA:22,7
DA:24,7
DA:51,2
DA:52,2
DA:64,1
LF:16
LH:16
BRDA:19,0,0,4
BRDA:19,0,1,3
BRDA:20,1,0,6
BRDA:20,1,1,1
BRDA:26,2,0,7
BRDA:26,2,1,1
BRDA:46,3,0,3
BRDA:46,3,1,4
BRDA:54,4,0,2
BRDA:54,4,1,1
BRF:10
BRH:10
end_of_record
TN:
SF:src\components\Modal\index.tsx
FN:20,(anonymous_4)
FNF:1
FNH:1
FNDA:3,(anonymous_4)
DA:1,1
DA:2,1
DA:3,1
DA:20,1
DA:21,3
DA:22,3
DA:23,3
DA:24,3
DA:25,3
DA:26,3
DA:28,3
DA:33,3
DA:69,1
LF:13
LH:13
BRDA:43,0,0,3
BRDA:43,0,1,2
BRF:2
BRH:2
end_of_record
TN:
SF:src\utils\buttonModeStyle.ts
FNF:0
FNH:0
DA:1,2
DA:9,2
DA:17,2
LF:3
LH:3
BRF:0
BRH:0
end_of_record
TN:
SF:src\utils\disabledColors.ts
FNF:0
FNH:0
DA:1,3
DA:3,3
LF:2
LH:2
BRF:0
BRH:0
end_of_record
TN:
SF:src\utils\iconButtonModeStyle.ts
FNF:0
FNH:0
DA:3,2
DA:9,2
LF:2
LH:2
BRF:0
BRH:0
end_of_record
